/*C16*/SET SCHEMA PUBLIC
DELETE FROM "mendixsystem$version" WHERE "versionnumber"='4.2'
INSERT INTO "mendixsystem$version" VALUES('4.2','2022-11-17 13:54:34.727000','4.1.0','unversioned','EMLFileGeneration','9.12.4.47318')
COMMIT
DELETE FROM "mendixsystem$entityidentifier" WHERE "id"='d4154981-8dac-4150-aec5-efa3ef62a7a2'
INSERT INTO "mendixsystem$entityidentifier" VALUES('d4154981-8dac-4150-aec5-efa3ef62a7a2',2,2701)
COMMIT
INSERT INTO "system$xasinstance" VALUES(562949953423913,'ae17796e-5227-43ff-b048-7cab671673e2','2022-11-18 08:07:52.671000',NULL,NULL,NULL,'2022-11-18 08:07:52.661000')
COMMIT
DELETE FROM "system$userrole" WHERE "id"=10414574138294273
INSERT INTO "system$userrole" VALUES(10414574138294273,'8dd52bfa-6d7e-453b-b506-303c0a3d9567','Administrator','')
DELETE FROM "system$userrole" WHERE "id"=10414574138294274
INSERT INTO "system$userrole" VALUES(10414574138294274,'53f5d6fa-6da9-4a71-b011-454ec052cce8','User','')
COMMIT
/*C17*/SET SCHEMA PUBLIC
DELETE FROM "system$user" WHERE "id"=10696049115004929
INSERT INTO "system$user" VALUES(10696049115004929,'demo_administrator','{BCrypt}$2a$10$S6RpimD3i/QlyaViNRoqjuX1A2PmyAOHaDL8H3u6Uxff5DIa3PsSa',NULL,FALSE,NULL,TRUE,0,FALSE,FALSE,'2022-11-15 13:39:21.994000','2022-11-15 13:39:21.994000','Administration.Account',NULL,10696049115004929)
COMMIT
/*C18*/SET SCHEMA PUBLIC
DELETE FROM "system$user" WHERE "id"=10696049115004930
INSERT INTO "system$user" VALUES(10696049115004930,'demo_user','{BCrypt}$2a$10$MfVUkhdpx3t4OQQZjlpqfuUpfXdbt7ywZMFOym.hKZkWGG5SP7rCK',NULL,FALSE,NULL,TRUE,0,FALSE,FALSE,'2022-11-15 13:39:22.392000','2022-11-15 13:39:22.392000','Administration.Account',NULL,10696049115004930)
COMMIT
DELETE FROM "mendixsystem$properties" WHERE "key"='Mendix.Runtime.DeploymentID'
INSERT INTO "mendixsystem$properties" VALUES('Mendix.Runtime.DeploymentID','638043754058702395')
COMMIT
DELETE FROM "system$queuedtask" WHERE "id"=3659174697239331
INSERT INTO "system$queuedtask" VALUES(3659174697239331,27,'Idle','59651013-f9bc-4fc1-b435-276439b07899','System.ScheduledEventsQueue','ScheduledEvent',NULL,'MendixSSO.SE_DeleteExpiredAuthRequests',NULL,'{}',NULL,NULL,'2022-11-17 15:00:00.117000','2022-11-18 09:00:00.000000',NULL,0,NULL,'MendixSSO.DeleteExpiredAuthRequests',NULL)
DELETE FROM "system$queuedtask" WHERE "id"=3659174697239332
INSERT INTO "system$queuedtask" VALUES(3659174697239332,28,'Idle','59651013-f9bc-4fc1-b435-276439b07899','System.ScheduledEventsQueue','ScheduledEvent',NULL,'MendixSSO.SE_DeleteExpiredTokens',NULL,'{}',NULL,NULL,'2022-11-17 15:00:00.117000','2022-11-18 09:00:00.000000',NULL,0,NULL,'MendixSSO.DeleteExpiredTokens',NULL)
COMMIT
DELETE FROM "system$xasinstance" WHERE "id"=562949953423913
INSERT INTO "system$xasinstance" VALUES(562949953423913,'ae17796e-5227-43ff-b048-7cab671673e2','2022-11-18 08:07:54.998000',NULL,NULL,NULL,'2022-11-18 08:07:52.661000')
COMMIT
/*C16*/DELETE FROM "system$user" WHERE "id"=281474976710657
INSERT INTO "system$user" VALUES(281474976710657,'MxAdmin','{BCrypt}$2a$10$0zsvAApUa8P7T6/fp4/fk.05ku0qUyHxqcOD9PSInBTIyhlpZGC/G','2022-11-17 10:10:25.294000',FALSE,NULL,TRUE,0,FALSE,FALSE,'2022-11-15 13:39:25.222000','2022-11-15 13:39:25.222000','System.User',NULL,281474976710657)
COMMIT
DELETE FROM "system$user" WHERE "id"=281474976710657
INSERT INTO "system$user" VALUES(281474976710657,'MxAdmin','{BCrypt}$2a$10$0zsvAApUa8P7T6/fp4/fk.05ku0qUyHxqcOD9PSInBTIyhlpZGC/G','2022-11-18 08:08:24.969000',FALSE,NULL,TRUE,0,FALSE,FALSE,'2022-11-15 13:39:25.222000','2022-11-15 13:39:25.222000','System.User',NULL,281474976710657)
COMMIT
/*C17*/DELETE FROM "mendixsystem$entityidentifier" WHERE "id"='37f9fd49-5318-4c63-9a51-f761779b202f'
INSERT INTO "mendixsystem$entityidentifier" VALUES('37f9fd49-5318-4c63-9a51-f761779b202f',21,2201)
COMMIT
INSERT INTO "system$session" VALUES(5910974510925877,'d6b3200c-10f1-4a6d-872d-dd89b28d17c3','3b1abf6a-d932-4591-8f6b-b8d8ab3a664e','2022-11-18 08:08:25.006000',FALSE,'310e5cc0-02e6-40c9-8d38-911565329153',NULL,'2022-11-18 08:08:25.005000')
INSERT INTO "system$session_user" VALUES(5910974510925877,281474976710657)
COMMIT
DELETE FROM "system$session" WHERE "id"=5910974510925877
INSERT INTO "system$session" VALUES(5910974510925877,'d6b3200c-10f1-4a6d-872d-dd89b28d17c3','3b1abf6a-d932-4591-8f6b-b8d8ab3a664e','2022-11-18 08:08:25.402000',FALSE,'310e5cc0-02e6-40c9-8d38-911565329153',NULL,'2022-11-18 08:08:25.005000')
COMMIT
/*C19*/SET SCHEMA PUBLIC
DELETE FROM "mendixsystem$entityidentifier" WHERE "id"='71c3b50f-21e2-4da4-958a-4a3effaf0156'
INSERT INTO "mendixsystem$entityidentifier" VALUES('71c3b50f-21e2-4da4-958a-4a3effaf0156',23,1701)
COMMIT
ALTER SEQUENCE PUBLIC."system$filedocument_fileid_mxseq" RESTART WITH 41
INSERT INTO "system$filedocument" VALUES(6473924464346689,40,'samplee.eml',TRUE,NULL,TRUE,61449,0,'15bb7912-45ec-4cb9-beb5-9dbf10d82b72','2022-11-18 08:08:33.283000','2022-11-18 08:08:38.581000','EMLFileGeneration.OutputDoc',281474976710657,281474976710657)
INSERT INTO "emlfilegeneration$outputdoc" VALUES(6473924464346689)
COMMIT
DELETE FROM "mendixsystem$entityidentifier" WHERE "id"='4e336d7d-71e8-41f4-9f07-8f0646543e81'
INSERT INTO "mendixsystem$entityidentifier" VALUES('4e336d7d-71e8-41f4-9f07-8f0646543e81',9,801)
COMMIT
INSERT INTO "system$unreferencedfile" VALUES(2533274790396605,'15bb7912-45ec-4cb9-beb5-9dbf10d82b72','Deleted',NULL,'2022-11-18 08:08:38.718000')
DELETE FROM "emlfilegeneration$outputdoc" WHERE "id"=6473924464346689
DELETE FROM "system$filedocument" WHERE "id"=6473924464346689
COMMIT
/*C16*/DELETE FROM "system$session" WHERE "id"=5910974510925877
INSERT INTO "system$session" VALUES(5910974510925877,'d6b3200c-10f1-4a6d-872d-dd89b28d17c3','3b1abf6a-d932-4591-8f6b-b8d8ab3a664e','2022-11-18 08:08:33.199000',FALSE,'310e5cc0-02e6-40c9-8d38-911565329153',NULL,'2022-11-18 08:08:25.005000')
COMMIT
/*C19*/DELETE FROM "system$unreferencedfile" WHERE "id"=2533274790396605
COMMIT
DELETE FROM "system$xasinstance" WHERE "id"=562949953423913
INSERT INTO "system$xasinstance" VALUES(562949953423913,'ae17796e-5227-43ff-b048-7cab671673e2','2022-11-18 08:12:55.015000',NULL,NULL,NULL,'2022-11-18 08:07:52.661000')
COMMIT
/*C17*/DELETE FROM "system$session" WHERE "id"=5910974510925877
INSERT INTO "system$session" VALUES(5910974510925877,'d6b3200c-10f1-4a6d-872d-dd89b28d17c3','3b1abf6a-d932-4591-8f6b-b8d8ab3a664e','2022-11-18 08:13:26.901000',FALSE,'310e5cc0-02e6-40c9-8d38-911565329153',NULL,'2022-11-18 08:08:25.005000')
COMMIT
/*C18*/DISCONNECT
/*C16*/DELETE FROM "system$xasinstance" WHERE "id"=562949953423913
INSERT INTO "system$xasinstance" VALUES(562949953423913,'ae17796e-5227-43ff-b048-7cab671673e2','2022-11-18 08:17:55.033000',NULL,NULL,NULL,'2022-11-18 08:07:52.661000')
COMMIT
/*C19*/DELETE FROM "system$session" WHERE "id"=5910974510925877
INSERT INTO "system$session" VALUES(5910974510925877,'d6b3200c-10f1-4a6d-872d-dd89b28d17c3','3b1abf6a-d932-4591-8f6b-b8d8ab3a664e','2022-11-18 08:18:26.867000',FALSE,'310e5cc0-02e6-40c9-8d38-911565329153',NULL,'2022-11-18 08:08:25.005000')
COMMIT
DELETE FROM "system$xasinstance" WHERE "id"=562949953423913
INSERT INTO "system$xasinstance" VALUES(562949953423913,'ae17796e-5227-43ff-b048-7cab671673e2','2022-11-18 08:22:55.053000',NULL,NULL,NULL,'2022-11-18 08:07:52.661000')
COMMIT
DELETE FROM "system$session" WHERE "id"=5910974510925877
INSERT INTO "system$session" VALUES(5910974510925877,'d6b3200c-10f1-4a6d-872d-dd89b28d17c3','3b1abf6a-d932-4591-8f6b-b8d8ab3a664e','2022-11-18 08:23:26.865000',FALSE,'310e5cc0-02e6-40c9-8d38-911565329153',NULL,'2022-11-18 08:08:25.005000')
COMMIT
DELETE FROM "system$xasinstance" WHERE "id"=562949953423913
INSERT INTO "system$xasinstance" VALUES(562949953423913,'ae17796e-5227-43ff-b048-7cab671673e2','2022-11-18 08:27:55.064000',NULL,NULL,NULL,'2022-11-18 08:07:52.661000')
COMMIT
